<?xml version="1.0" encoding="UTF-8"?>
<testsuite xmlns:xsi="http://www.w3.org/2001/XMLSchema-instance" xsi:noNamespaceSchemaLocation="https://maven.apache.org/surefire/maven-surefire-plugin/xsd/surefire-test-report.xsd" name="TurmaTest" time="0.003" tests="3" errors="0" skipped="0" failures="0">
  <properties>
[...]
</properties>
  <testcase name="addAlunoTest" classname="TurmaTest" time="0"/>
  <testcase name="getAlunoTest" classname="TurmaTest" time="0"/>
  <testcase name="mediaTest" classname="TurmaTest" time="0"/>
</testsuite>